<?xml version="1.0" encoding="UTF-8"?>
<!-- Generated by org.testng.reporters.JUnitReportReporter -->
<testsuite hostname="DESKTOP-PN9KDUT" failures="0" tests="1" name="group1.mymarketTest.ErrorValidationTest" time="5.936" errors="0" timestamp="2024-06-13T13:09:35 GET" skipped="0">
  <testcase classname="group1.mymarketTest.ErrorValidationTest" name="wrongEmailOrPass" time="5.936"/>
</testsuite> <!-- group1.mymarketTest.ErrorValidationTest -->
