<?xml version="1.0" encoding="UTF-8"?>
<!-- Generated by org.testng.reporters.JUnitReportReporter -->
<testsuite hostname="DESKTOP-PN9KDUT" failures="0" tests="1" name="group1.mymarketTest.ErrorValidationTest" time="8.046" errors="0" timestamp="2024-06-11T18:21:59 GET" skipped="0">
  <testcase classname="group1.mymarketTest.ErrorValidationTest" name="wrongEmailOrPass" time="8.046"/>
</testsuite> <!-- group1.mymarketTest.ErrorValidationTest -->
