<?xml version="1.0" encoding="UTF-8"?>
<!-- Generated by org.testng.reporters.JUnitReportReporter -->
<testsuite hostname="DESKTOP-PN9KDUT" failures="0" tests="1" name="group1.mymarketTest.ErrorValidationTest" time="7.082" errors="0" timestamp="2024-06-09T14:35:11 GET" skipped="0">
  <testcase classname="group1.mymarketTest.ErrorValidationTest" name="wrongEmailOrPass" time="7.082"/>
</testsuite> <!-- group1.mymarketTest.ErrorValidationTest -->
