<?xml version="1.0" encoding="UTF-8"?>
<!-- Generated by org.testng.reporters.JUnitReportReporter -->
<testsuite hostname="DESKTOP-PN9KDUT" failures="0" tests="1" name="group1.mymarketTest.ErrorValidationTest" time="68.397" errors="0" timestamp="2024-06-11T19:09:25 GET" skipped="0">
  <testcase classname="group1.mymarketTest.ErrorValidationTest" name="wrongEmailOrPass" time="68.397"/>
</testsuite> <!-- group1.mymarketTest.ErrorValidationTest -->
