<?xml version="1.0" encoding="UTF-8"?>
<!-- Generated by org.testng.reporters.JUnitReportReporter -->
<testsuite hostname="DESKTOP-PN9KDUT" failures="0" tests="1" name="group1.mymarketTest.MainTest" time="108.730" errors="0" timestamp="2024-06-08T22:28:28 GET" skipped="0">
  <testcase classname="group1.mymarketTest.MainTest" name="getMainPage" time="108.730"/>
</testsuite> <!-- group1.mymarketTest.MainTest -->
